
> time-track@0.1.0 dev
> next dev -p 3002

   ▲ Next.js 15.3.4
   - Local:        http://localhost:3002
   - Network:      http://192.168.0.111:3002
   - Environments: .env.local, .env

 ✓ Starting...
 ✓ Ready in 1369ms
 ✓ Compiled /api/auth/register in 444ms (367 modules)
 POST /api/auth/register 201 in 1449ms
 ○ Compiling /auth/signin ...
 ✓ Compiled /auth/signin in 926ms (866 modules)
 GET /auth/signin?message=Account+created+successfully 200 in 1026ms
 ✓ Compiled /api/auth/[...nextauth] in 482ms (1085 modules)
 GET /api/auth/providers 200 in 1020ms
 GET /api/auth/csrf 200 in 5ms
 POST /api/auth/callback/credentials 200 in 284ms
 GET /api/auth/session 200 in 4ms
 ✓ Compiled /dashboard in 272ms (1208 modules)
 GET /dashboard 200 in 317ms
 ✓ Compiled /api/entries in 213ms (1217 modules)
 GET /api/entries?period=week 200 in 261ms
 GET /api/entries?period=week 200 in 10ms
 POST /api/entries 200 in 75ms
 ✓ Compiled /calendar in 362ms (1238 modules)
 GET /calendar 200 in 414ms
 ✓ Compiled /api/calendar in 179ms (1261 modules)
 GET /api/calendar?view=month&date=2025-06-25 200 in 241ms
 GET /api/calendar?view=month&date=2025-06-25 200 in 7ms
 GET /api/calendar?view=month&date=2025-07-01 200 in 16ms
 GET /api/calendar?view=month&date=2025-06-01 200 in 11ms
 ✓ Compiled /api/auth/[...nextauth] in 185ms (308 modules)
 GET /api/auth/session 200 in 266ms
 ✓ Compiled /auth/signin in 156ms (713 modules)
 GET /auth/signin 200 in 281ms
 ⨯ Error: Cannot find module './243.js'
Require stack:
- /Users/asifkabeer/time-track/.next/server/webpack-runtime.js
- /Users/asifkabeer/time-track/.next/server/app/auth/signin/page.js
- /Users/asifkabeer/time-track/node_modules/next/dist/server/require.js
- /Users/asifkabeer/time-track/node_modules/next/dist/server/load-components.js
- /Users/asifkabeer/time-track/node_modules/next/dist/build/utils.js
- /Users/asifkabeer/time-track/node_modules/next/dist/build/swc/options.js
- /Users/asifkabeer/time-track/node_modules/next/dist/build/swc/index.js
- /Users/asifkabeer/time-track/node_modules/next/dist/build/next-config-ts/transpile-config.js
- /Users/asifkabeer/time-track/node_modules/next/dist/server/config.js
- /Users/asifkabeer/time-track/node_modules/next/dist/server/next.js
- /Users/asifkabeer/time-track/node_modules/next/dist/server/lib/start-server.js
    at __webpack_require__.f.require (.next/server/webpack-runtime.js:198:28)
    at <unknown> (.next/server/webpack-runtime.js:111:40)
    at Array.reduce (<anonymous>)
    at __webpack_require__.e (.next/server/webpack-runtime.js:110:67)
    at Array.map (<anonymous>)
    at __webpack_require__.X (.next/server/webpack-runtime.js:162:22)
    at <unknown> (.next/server/app/api/auth/[...nextauth]/route.js:1:2725)
    at Object.<anonymous> (.next/server/app/api/auth/[...nextauth]/route.js:1:2774) {
  code: 'MODULE_NOT_FOUND',
  requireStack: [Array],
  page: '/api/auth/providers'
}
 ○ Compiling /_error ...
 ✓ Compiled /_error in 976ms (1075 modules)
 GET /api/auth/providers 500 in 1368ms
 POST /api/auth/_log 200 in 65ms
 ⨯ Failed to generate static paths for /api/auth/[...nextauth]:
Error: Cannot find module './vendor-chunks/jose.js'
Require stack:
- /Users/asifkabeer/time-track/.next/server/webpack-runtime.js
- /Users/asifkabeer/time-track/.next/server/app/api/auth/[...nextauth]/route.js
- /Users/asifkabeer/time-track/node_modules/next/dist/server/require.js
- /Users/asifkabeer/time-track/node_modules/next/dist/server/load-components.js
- /Users/asifkabeer/time-track/node_modules/next/dist/build/utils.js
- /Users/asifkabeer/time-track/node_modules/next/dist/server/dev/static-paths-worker.js
- /Users/asifkabeer/time-track/node_modules/next/dist/compiled/jest-worker/processChild.js
    at __webpack_require__.f.require (.next/server/webpack-runtime.js:151:28)
    at <unknown> (.next/server/webpack-runtime.js:78:40)
    at Array.reduce (<anonymous>)
    at __webpack_require__.e (.next/server/webpack-runtime.js:77:67) {
  type: 'Error',
  code: 'MODULE_NOT_FOUND',
  requireStack: [Array]
}
 ✓ Compiled /dashboard in 306ms (858 modules)
 GET /dashboard 200 in 616ms
 ⨯ Error: Cannot find module './vendor-chunks/jose.js'
Require stack:
- /Users/asifkabeer/time-track/.next/server/webpack-runtime.js
- /Users/asifkabeer/time-track/.next/server/app/api/auth/[...nextauth]/route.js
- /Users/asifkabeer/time-track/node_modules/next/dist/server/require.js
- /Users/asifkabeer/time-track/node_modules/next/dist/server/load-components.js
- /Users/asifkabeer/time-track/node_modules/next/dist/build/utils.js
- /Users/asifkabeer/time-track/node_modules/next/dist/server/dev/static-paths-worker.js
- /Users/asifkabeer/time-track/node_modules/next/dist/compiled/jest-worker/processChild.js
    at __webpack_require__.f.require (.next/server/webpack-runtime.js:198:28)
    at <unknown> (.next/server/webpack-runtime.js:111:40)
    at Array.reduce (<anonymous>)
    at __webpack_require__.e (.next/server/webpack-runtime.js:110:67) {
  type: 'Error',
  code: 'MODULE_NOT_FOUND',
  requireStack: [Array],
  page: '/api/auth/error'
}
 ✓ Compiled /auth/signin in 480ms (1542 modules)
 GET /auth/signin 200 in 539ms
 GET /auth/signin 200 in 6ms
 GET /api/auth/error 500 in 1381ms
 ✓ Compiled in 141ms (693 modules)
 ⚠ Fast Refresh had to perform a full reload due to a runtime error.
 GET /api/auth/error 200 in 43ms
 ⨯ Error: Cannot find module './vendor-chunks/jose.js'
Require stack:
- /Users/asifkabeer/time-track/.next/server/webpack-runtime.js
- /Users/asifkabeer/time-track/.next/server/app/api/auth/[...nextauth]/route.js
- /Users/asifkabeer/time-track/node_modules/next/dist/server/require.js
- /Users/asifkabeer/time-track/node_modules/next/dist/server/load-components.js
- /Users/asifkabeer/time-track/node_modules/next/dist/build/utils.js
- /Users/asifkabeer/time-track/node_modules/next/dist/server/dev/static-paths-worker.js
- /Users/asifkabeer/time-track/node_modules/next/dist/compiled/jest-worker/processChild.js
    at __webpack_require__.f.require (.next/server/webpack-runtime.js:198:28)
    at <unknown> (.next/server/webpack-runtime.js:111:40)
    at Array.reduce (<anonymous>)
    at __webpack_require__.e (.next/server/webpack-runtime.js:110:67) {
  type: 'Error',
  code: 'MODULE_NOT_FOUND',
  requireStack: [Array],
  page: '/api/auth/error'
}
 ⨯ Error: Cannot find module './vendor-chunks/jose.js'
Require stack:
- /Users/asifkabeer/time-track/.next/server/webpack-runtime.js
- /Users/asifkabeer/time-track/.next/server/app/api/auth/[...nextauth]/route.js
- /Users/asifkabeer/time-track/node_modules/next/dist/server/require.js
- /Users/asifkabeer/time-track/node_modules/next/dist/server/load-components.js
- /Users/asifkabeer/time-track/node_modules/next/dist/build/utils.js
- /Users/asifkabeer/time-track/node_modules/next/dist/server/dev/static-paths-worker.js
- /Users/asifkabeer/time-track/node_modules/next/dist/compiled/jest-worker/processChild.js
    at __webpack_require__.f.require (.next/server/webpack-runtime.js:198:28)
    at <unknown> (.next/server/webpack-runtime.js:111:40)
    at Array.reduce (<anonymous>)
    at __webpack_require__.e (.next/server/webpack-runtime.js:110:67) {
  type: 'Error',
  code: 'MODULE_NOT_FOUND',
  requireStack: [Array],
  page: '/api/auth/error'
}
 GET /api/auth/error 500 in 490ms
 ✓ Compiled /favicon.ico in 228ms (877 modules)
 GET /favicon.ico 200 in 287ms
 ✓ Compiled in 339ms (693 modules)
 ⚠ Fast Refresh had to perform a full reload due to a runtime error.
 GET /api/auth/error 200 in 48ms
 ⨯ Error: Cannot find module './vendor-chunks/jose.js'
Require stack:
- /Users/asifkabeer/time-track/.next/server/webpack-runtime.js
- /Users/asifkabeer/time-track/.next/server/app/api/auth/[...nextauth]/route.js
- /Users/asifkabeer/time-track/node_modules/next/dist/server/require.js
- /Users/asifkabeer/time-track/node_modules/next/dist/server/load-components.js
- /Users/asifkabeer/time-track/node_modules/next/dist/build/utils.js
- /Users/asifkabeer/time-track/node_modules/next/dist/server/dev/static-paths-worker.js
- /Users/asifkabeer/time-track/node_modules/next/dist/compiled/jest-worker/processChild.js
    at __webpack_require__.f.require (.next/server/webpack-runtime.js:203:28)
    at <unknown> (.next/server/webpack-runtime.js:116:40)
    at Array.reduce (<anonymous>)
    at __webpack_require__.e (.next/server/webpack-runtime.js:115:67) {
  type: 'Error',
  code: 'MODULE_NOT_FOUND',
  requireStack: [Array],
  page: '/api/auth/error'
}
 ⨯ Error: Cannot find module './vendor-chunks/jose.js'
Require stack:
- /Users/asifkabeer/time-track/.next/server/webpack-runtime.js
- /Users/asifkabeer/time-track/.next/server/app/api/auth/[...nextauth]/route.js
- /Users/asifkabeer/time-track/node_modules/next/dist/server/require.js
- /Users/asifkabeer/time-track/node_modules/next/dist/server/load-components.js
- /Users/asifkabeer/time-track/node_modules/next/dist/build/utils.js
- /Users/asifkabeer/time-track/node_modules/next/dist/server/dev/static-paths-worker.js
- /Users/asifkabeer/time-track/node_modules/next/dist/compiled/jest-worker/processChild.js
    at __webpack_require__.f.require (.next/server/webpack-runtime.js:203:28)
    at <unknown> (.next/server/webpack-runtime.js:116:40)
    at Array.reduce (<anonymous>)
    at __webpack_require__.e (.next/server/webpack-runtime.js:115:67) {
  type: 'Error',
  code: 'MODULE_NOT_FOUND',
  requireStack: [Array],
  page: '/api/auth/error'
}
 GET /api/auth/error 500 in 521ms
 GET /favicon.ico 200 in 9ms
 ✓ Compiled in 193ms (693 modules)
 ⚠ Fast Refresh had to perform a full reload due to a runtime error.
 ⚠ Fast Refresh had to perform a full reload due to a runtime error.
 GET /api/auth/error 200 in 296ms
 ⨯ TypeError: Cannot read properties of undefined (reading 'length')
    at installChunk (.next/server/webpack-runtime.js:193:41)
    at __webpack_require__.f.require (.next/server/webpack-runtime.js:203:15)
    at <unknown> (.next/server/webpack-runtime.js:116:40)
    at Array.reduce (<anonymous>)
    at __webpack_require__.e (.next/server/webpack-runtime.js:115:67)
    at Array.map (<anonymous>)
    at __webpack_require__.X (.next/server/webpack-runtime.js:167:22)
    at <unknown> (.next/server/app/api/auth/[...nextauth]/route.js:262:47)
    at Object.<anonymous> (.next/server/app/api/auth/[...nextauth]/route.js:265:3) {
  type: 'TypeError',
  page: '/api/auth/error'
}
 ⨯ TypeError: Cannot read properties of undefined (reading 'length')
    at installChunk (.next/server/webpack-runtime.js:193:41)
    at __webpack_require__.f.require (.next/server/webpack-runtime.js:203:15)
    at <unknown> (.next/server/webpack-runtime.js:116:40)
    at Array.reduce (<anonymous>)
    at __webpack_require__.e (.next/server/webpack-runtime.js:115:67)
    at Array.map (<anonymous>)
    at __webpack_require__.X (.next/server/webpack-runtime.js:167:22)
    at <unknown> (.next/server/app/api/auth/[...nextauth]/route.js:262:47)
    at Object.<anonymous> (.next/server/app/api/auth/[...nextauth]/route.js:265:3) {
  type: 'TypeError',
  page: '/api/auth/error'
}
 ✓ Compiled in 575ms (1090 modules)
 GET /api/auth/error 200 in 225ms
 ⨯ Error: Cannot find module './vendor-chunks/jose.js'
Require stack:
- /Users/asifkabeer/time-track/.next/server/webpack-runtime.js
- /Users/asifkabeer/time-track/.next/server/app/api/auth/[...nextauth]/route.js
- /Users/asifkabeer/time-track/node_modules/next/dist/server/require.js
- /Users/asifkabeer/time-track/node_modules/next/dist/server/load-components.js
- /Users/asifkabeer/time-track/node_modules/next/dist/build/utils.js
- /Users/asifkabeer/time-track/node_modules/next/dist/server/dev/static-paths-worker.js
- /Users/asifkabeer/time-track/node_modules/next/dist/compiled/jest-worker/processChild.js
    at __webpack_require__.f.require (.next/server/webpack-runtime.js:156:28)
    at <unknown> (.next/server/webpack-runtime.js:83:40)
    at Array.reduce (<anonymous>)
    at __webpack_require__.e (.next/server/webpack-runtime.js:82:67) {
  type: 'Error',
  code: 'MODULE_NOT_FOUND',
  requireStack: [Array],
  page: '/api/auth/error'
}
 ⨯ Error: Cannot find module './vendor-chunks/jose.js'
Require stack:
- /Users/asifkabeer/time-track/.next/server/webpack-runtime.js
- /Users/asifkabeer/time-track/.next/server/app/api/auth/[...nextauth]/route.js
- /Users/asifkabeer/time-track/node_modules/next/dist/server/require.js
- /Users/asifkabeer/time-track/node_modules/next/dist/server/load-components.js
- /Users/asifkabeer/time-track/node_modules/next/dist/build/utils.js
- /Users/asifkabeer/time-track/node_modules/next/dist/server/dev/static-paths-worker.js
- /Users/asifkabeer/time-track/node_modules/next/dist/compiled/jest-worker/processChild.js
    at __webpack_require__.f.require (.next/server/webpack-runtime.js:156:28)
    at <unknown> (.next/server/webpack-runtime.js:83:40)
    at Array.reduce (<anonymous>)
    at __webpack_require__.e (.next/server/webpack-runtime.js:82:67) {
  type: 'Error',
  code: 'MODULE_NOT_FOUND',
  requireStack: [Array],
  page: '/api/auth/error'
}
 GET /api/auth/error 500 in 456ms
 GET /favicon.ico 200 in 13ms
 ⚠ Fast Refresh had to perform a full reload due to a runtime error.
 ✓ Compiled in 473ms (1090 modules)
 ⚠ Fast Refresh had to perform a full reload due to a runtime error.
 GET /api/auth/error 200 in 225ms
 ⨯ Error: Cannot find module './vendor-chunks/jose.js'
Require stack:
- /Users/asifkabeer/time-track/.next/server/webpack-runtime.js
- /Users/asifkabeer/time-track/.next/server/app/api/auth/[...nextauth]/route.js
- /Users/asifkabeer/time-track/node_modules/next/dist/server/require.js
- /Users/asifkabeer/time-track/node_modules/next/dist/server/load-components.js
- /Users/asifkabeer/time-track/node_modules/next/dist/build/utils.js
- /Users/asifkabeer/time-track/node_modules/next/dist/server/dev/static-paths-worker.js
- /Users/asifkabeer/time-track/node_modules/next/dist/compiled/jest-worker/processChild.js
    at __webpack_require__.f.require (.next/server/webpack-runtime.js:156:28)
    at <unknown> (.next/server/webpack-runtime.js:83:40)
    at Array.reduce (<anonymous>)
    at __webpack_require__.e (.next/server/webpack-runtime.js:82:67) {
  type: 'Error',
  code: 'MODULE_NOT_FOUND',
  requireStack: [Array],
  page: '/api/auth/error'
}
 ⨯ Error: Cannot find module './vendor-chunks/jose.js'
Require stack:
- /Users/asifkabeer/time-track/.next/server/webpack-runtime.js
- /Users/asifkabeer/time-track/.next/server/app/api/auth/[...nextauth]/route.js
- /Users/asifkabeer/time-track/node_modules/next/dist/server/require.js
- /Users/asifkabeer/time-track/node_modules/next/dist/server/load-components.js
- /Users/asifkabeer/time-track/node_modules/next/dist/build/utils.js
- /Users/asifkabeer/time-track/node_modules/next/dist/server/dev/static-paths-worker.js
- /Users/asifkabeer/time-track/node_modules/next/dist/compiled/jest-worker/processChild.js
    at __webpack_require__.f.require (.next/server/webpack-runtime.js:156:28)
    at <unknown> (.next/server/webpack-runtime.js:83:40)
    at Array.reduce (<anonymous>)
    at __webpack_require__.e (.next/server/webpack-runtime.js:82:67) {
  type: 'Error',
  code: 'MODULE_NOT_FOUND',
  requireStack: [Array],
  page: '/api/auth/error'
}
 ⨯ Error: Cannot find module './vendor-chunks/jose.js'
Require stack:
- /Users/asifkabeer/time-track/.next/server/webpack-runtime.js
- /Users/asifkabeer/time-track/.next/server/app/api/auth/[...nextauth]/route.js
- /Users/asifkabeer/time-track/node_modules/next/dist/server/require.js
- /Users/asifkabeer/time-track/node_modules/next/dist/server/load-components.js
- /Users/asifkabeer/time-track/node_modules/next/dist/build/utils.js
- /Users/asifkabeer/time-track/node_modules/next/dist/server/dev/static-paths-worker.js
- /Users/asifkabeer/time-track/node_modules/next/dist/compiled/jest-worker/processChild.js
    at __webpack_require__.f.require (.next/server/webpack-runtime.js:156:28)
    at <unknown> (.next/server/webpack-runtime.js:83:40)
    at Array.reduce (<anonymous>)
    at __webpack_require__.e (.next/server/webpack-runtime.js:82:67) {
  type: 'Error',
  code: 'MODULE_NOT_FOUND',
  requireStack: [Array],
  page: '/api/auth/error'
}
 GET /api/auth/error 500 in 532ms
 GET /favicon.ico 200 in 17ms
 ✓ Compiled in 182ms (693 modules)
 ⚠ Fast Refresh had to perform a full reload due to a runtime error.
 GET /api/auth/error 200 in 15ms
 GET /api/auth/error 200 in 319ms
 GET /favicon.ico 200 in 4ms
 ✓ Compiled in 179ms (693 modules)
 ✓ Compiled in 222ms (693 modules)
 ✓ Compiled in 238ms (693 modules)
 ✓ Compiled in 182ms (693 modules)
 ✓ Compiled in 237ms (693 modules)
 ✓ Compiled in 208ms (789 modules)
 ✓ Compiled /api/auth/[...nextauth] in 413ms (396 modules)
 GET /api/auth/error 200 in 525ms
 ✓ Compiled /favicon.ico in 52ms (411 modules)
 ⨯ Error: Cannot find module './243.js'
Require stack:
- /Users/asifkabeer/time-track/.next/server/webpack-runtime.js
- /Users/asifkabeer/time-track/.next/server/app/favicon.ico/route.js
- /Users/asifkabeer/time-track/node_modules/next/dist/server/require.js
- /Users/asifkabeer/time-track/node_modules/next/dist/server/load-components.js
- /Users/asifkabeer/time-track/node_modules/next/dist/build/utils.js
- /Users/asifkabeer/time-track/node_modules/next/dist/build/swc/options.js
- /Users/asifkabeer/time-track/node_modules/next/dist/build/swc/index.js
- /Users/asifkabeer/time-track/node_modules/next/dist/build/next-config-ts/transpile-config.js
- /Users/asifkabeer/time-track/node_modules/next/dist/server/config.js
- /Users/asifkabeer/time-track/node_modules/next/dist/server/next.js
- /Users/asifkabeer/time-track/node_modules/next/dist/server/lib/start-server.js
    at __webpack_require__.f.require (.next/server/webpack-runtime.js:156:28)
    at <unknown> (.next/server/webpack-runtime.js:83:40)
    at Array.reduce (<anonymous>)
    at __webpack_require__.e (.next/server/webpack-runtime.js:82:67)
    at Array.map (<anonymous>)
    at __webpack_require__.X (.next/server/webpack-runtime.js:120:22)
    at <unknown> (.next/server/app/favicon.ico/route.js:1:36106)
    at Object.<anonymous> (.next/server/app/favicon.ico/route.js:1:36152) {
  code: 'MODULE_NOT_FOUND',
  requireStack: [Array],
  page: '/favicon.ico'
}
 GET /favicon.ico 500 in 88ms
 ✓ Compiled in 246ms (693 modules)
 ✓ Compiled in 113ms (693 modules)
 ✓ Compiled in 190ms (693 modules)
 ✓ Compiled in 257ms (775 modules)
 ✓ Compiled in 194ms (693 modules)
 ✓ Compiled in 114ms (693 modules)
 ✓ Compiled in 203ms (693 modules)
 ✓ Compiled in 142ms (694 modules)
 ✓ Compiled in 131ms (694 modules)
